Using pre-set license
Built from '2020.2/staging' branch; Version is '2020.2.5f1 (e2c53f129de5) revision 14861631'; Using compiler version '192528614'; Build Type 'Release'
OS: 'Windows 10 Home; OS build 19042.1288; Version 2009; 64bit' Language: 'ja' Physical Memory: 12175 MB
BatchMode: 1, IsHumanControllingUs: 0, StartBugReporterOnCrash: 0, Is64bit: 1, IsPro: 0

 COMMAND LINE ARGUMENTS:
C:\Program Files\Unity\2020.2.5f1\Editor\Unity.exe
-adb2
-batchMode
-noUpm
-name
AssetImportWorker0
-projectPath
C:/Users/mazin/Desktop/Unityデータ/ZMM
-logFile
Logs/AssetImportWorker0.log
-srvPort
55440
Successfully changed project path to: C:/Users/mazin/Desktop/Unityデータ/ZMM
C:/Users/mazin/Desktop/Unityデータ/ZMM
Using Asset Import Pipeline V2.
Refreshing native plugins compatible for Editor in 51.04 ms, found 0 plugins.
Preloading 0 native plugins for Editor in 0.00 ms.
Initialize engine version: 2020.2.5f1 (e2c53f129de5)
[Subsystems] Discovering subsystems at path C:/Program Files/Unity/2020.2.5f1/Editor/Data/Resources/UnitySubsystems
[Subsystems] Discovering subsystems at path C:/Users/mazin/Desktop/Unityデータ/ZMM/Assets
GfxDevice: creating device client; threaded=0
Direct3D:
    Version:  Direct3D 11.0 [level 11.1]
    Renderer: Intel(R) UHD Graphics 620 (ID=0x5917)
    Vendor:   
    VRAM:     6087 MB
    Driver:   24.20.100.6286
Initialize mono
Mono path[0] = 'C:/Program Files/Unity/2020.2.5f1/Editor/Data/Managed'
Mono path[1] = 'C:/Program Files/Unity/2020.2.5f1/Editor/Data/MonoBleedingEdge/lib/mono/unityjit'
Mono config path = 'C:/Program Files/Unity/2020.2.5f1/Editor/Data/MonoBleedingEdge/etc'
Using monoOptions --debugger-agent=transport=dt_socket,embedding=1,server=y,suspend=n,address=127.0.0.1:56800
Begin MonoManager ReloadAssembly
Registering precompiled unity dll's ...
Register platform support module: C:/Program Files/Unity/2020.2.5f1/Editor/Data/PlaybackEngines/WindowsStandaloneSupport/UnityEditor.WindowsStandalone.Extensions.dll
Registered in 0.003104 seconds.
Native extension for WindowsStandalone target not found
Refreshing native plugins compatible for Editor in 25.88 ms, found 0 plugins.
Preloading 0 native plugins for Editor in 0.00 ms.
Invoked RoslynAnalysisRunner static constructor.
RoslynAnalysisRunner will not be running.
RoslynAnalysisRunner has terminated.
Mono: successfully reloaded assembly
- Completed reload, in  4.507 seconds
Platform modules already initialized, skipping
Registering precompiled user dll's ...
Registered in 0.001079 seconds.
Begin MonoManager ReloadAssembly
Native extension for WindowsStandalone target not found
Refreshing native plugins compatible for Editor in 0.29 ms, found 0 plugins.
Preloading 0 native plugins for Editor in 0.00 ms.
Invoked RoslynAnalysisRunner static constructor.
RoslynAnalysisRunner will not be running.
RoslynAnalysisRunner has terminated.
Mono: successfully reloaded assembly
- Completed reload, in  1.033 seconds
Platform modules already initialized, skipping
========================================================================
Worker process is ready to serve import requests
Launched and connected shader compiler UnityShaderCompiler.exe after 0.06 seconds
Refreshing native plugins compatible for Editor in 0.22 ms, found 0 plugins.
Preloading 0 native plugins for Editor in 0.00 ms.
Unloading 1119 Unused Serialized files (Serialized files now loaded: 0)
System memory in use before: 60.0 MB.
System memory in use after: 60.0 MB.

Unloading 10 unused Assets to reduce memory usage. Loaded Objects now: 1560.
Total: 2.157600 ms (FindLiveObjects: 0.293300 ms CreateObjectMapping: 0.062800 ms MarkObjects: 1.678300 ms  DeleteObjects: 0.108300 ms)

========================================================================
Received Import Request.
  path: Assets/Script/PlayerManager.cs
  artifactKey: Guid(398cfccfae0ef3d4ba426587834fcd6b) Importer(815301076,1909f56bfc062723c751e8b465ee728b)
Start importing Assets/Script/PlayerManager.cs using Guid(398cfccfae0ef3d4ba426587834fcd6b) Importer(815301076,1909f56bfc062723c751e8b465ee728b)  -> (artifact id: 'aed295154e8821ee419a07a2cc92a6f3') in 0.674681 seconds
  Import took 0.733105 seconds .

========================================================================
Received Import Request.
  Time since last request: 46.442293 seconds.
  path: Assets/Script/PlayerManager.cs
  artifactKey: Guid(398cfccfae0ef3d4ba426587834fcd6b) Importer(815301076,1909f56bfc062723c751e8b465ee728b)
Start importing Assets/Script/PlayerManager.cs using Guid(398cfccfae0ef3d4ba426587834fcd6b) Importer(815301076,1909f56bfc062723c751e8b465ee728b)  -> (artifact id: '627136ecdd8d74742f9116554b724359') in 0.010561 seconds
  Import took 0.099497 seconds .

========================================================================
Received Import Request.
  Time since last request: 0.032499 seconds.
  path: Assets/Script/PlayerManager.cs
  artifactKey: Guid(398cfccfae0ef3d4ba426587834fcd6b) Importer(815301076,1909f56bfc062723c751e8b465ee728b)
Start importing Assets/Script/PlayerManager.cs using Guid(398cfccfae0ef3d4ba426587834fcd6b) Importer(815301076,1909f56bfc062723c751e8b465ee728b)  -> (artifact id: '627136ecdd8d74742f9116554b724359') in 0.012923 seconds
  Import took 0.016740 seconds .

AssetImportWorkerClient::OnTransportError - code=2 error=End of file
